[0.255s] DEBUG:colcon:Command line arguments: ['/usr/bin/colcon', 'list', '-p', '--base-paths', '/home/tim/code/ros/final_project_ws']
[0.256s] DEBUG:colcon:Parsed command line arguments: Namespace(allow_overriding=[], base_paths=['/home/tim/code/ros/final_project_ws'], build_base='build', ignore_user_meta=False, log_base=None, log_level=None, main=<bound method ListVerb.main of <colcon_package_information.verb.list.ListVerb object at 0x7f4b3a7aab80>>, metas=['./colcon.meta'], names_only=False, packages_above=None, packages_above_and_dependencies=None, packages_above_depth=None, packages_end=None, packages_ignore=None, packages_ignore_regex=None, packages_select=None, packages_select_build_failed=False, packages_select_by_dep=None, packages_select_regex=None, packages_select_test_failures=False, packages_skip=None, packages_skip_build_finished=False, packages_skip_by_dep=None, packages_skip_regex=None, packages_skip_test_passed=False, packages_skip_up_to=None, packages_start=None, packages_up_to=None, packages_up_to_regex=None, paths=None, paths_only=True, topological_graph=False, topological_graph_density=False, topological_graph_dot=False, topological_graph_dot_cluster=False, topological_graph_dot_include_skipped=False, topological_graph_legend=False, topological_order=False, verb_extension=<colcon_package_information.verb.list.ListVerb object at 0x7f4b3a7aab80>, verb_name='list', verb_parser=<colcon_defaults.argument_parser.defaults.DefaultArgumentsDecorator object at 0x7f4b3a63f760>)
[0.309s] Level 1:colcon.colcon_core.package_discovery:discover_packages(colcon_meta) check parameters
[0.309s] Level 1:colcon.colcon_core.package_discovery:discover_packages(recursive) check parameters
[0.309s] Level 1:colcon.colcon_core.package_discovery:discover_packages(ignore) check parameters
[0.309s] Level 1:colcon.colcon_core.package_discovery:discover_packages(path) check parameters
[0.309s] Level 1:colcon.colcon_core.package_discovery:discover_packages(recursive) discover
[0.309s] INFO:colcon.colcon_core.package_discovery:Crawling recursively for packages in '/home/tim/code/ros/final_project_ws'
[0.309s] Level 1:colcon.colcon_core.package_identification:_identify(/home/tim/code/ros/final_project_ws) by extensions ['ignore', 'ignore_ament_install']
[0.310s] Level 1:colcon.colcon_core.package_identification:_identify(/home/tim/code/ros/final_project_ws) by extension 'ignore'
[0.310s] Level 1:colcon.colcon_core.package_identification:_identify(/home/tim/code/ros/final_project_ws) by extension 'ignore_ament_install'
[0.310s] Level 1:colcon.colcon_core.package_identification:_identify(/home/tim/code/ros/final_project_ws) by extensions ['colcon_pkg']
[0.310s] Level 1:colcon.colcon_core.package_identification:_identify(/home/tim/code/ros/final_project_ws) by extension 'colcon_pkg'
[0.310s] Level 1:colcon.colcon_core.package_identification:_identify(/home/tim/code/ros/final_project_ws) by extensions ['colcon_meta']
[0.310s] Level 1:colcon.colcon_core.package_identification:_identify(/home/tim/code/ros/final_project_ws) by extension 'colcon_meta'
[0.310s] Level 1:colcon.colcon_core.package_identification:_identify(/home/tim/code/ros/final_project_ws) by extensions ['ros']
[0.310s] Level 1:colcon.colcon_core.package_identification:_identify(/home/tim/code/ros/final_project_ws) by extension 'ros'
[0.329s] Level 1:colcon.colcon_core.package_identification:_identify(/home/tim/code/ros/final_project_ws) by extensions ['cmake', 'python']
[0.329s] Level 1:colcon.colcon_core.package_identification:_identify(/home/tim/code/ros/final_project_ws) by extension 'cmake'
[0.329s] Level 1:colcon.colcon_core.package_identification:_identify(/home/tim/code/ros/final_project_ws) by extension 'python'
[0.329s] Level 1:colcon.colcon_core.package_identification:_identify(/home/tim/code/ros/final_project_ws) by extensions ['python_setup_py']
[0.330s] Level 1:colcon.colcon_core.package_identification:_identify(/home/tim/code/ros/final_project_ws) by extension 'python_setup_py'
[0.330s] Level 1:colcon.colcon_core.package_identification:_identify(/home/tim/code/ros/final_project_ws/log) by extensions ['ignore', 'ignore_ament_install']
[0.330s] Level 1:colcon.colcon_core.package_identification:_identify(/home/tim/code/ros/final_project_ws/log) by extension 'ignore'
[0.330s] Level 1:colcon.colcon_core.package_identification:_identify(/home/tim/code/ros/final_project_ws/log) ignored
[0.330s] Level 1:colcon.colcon_core.package_identification:_identify(/home/tim/code/ros/final_project_ws/src) by extensions ['ignore', 'ignore_ament_install']
[0.331s] Level 1:colcon.colcon_core.package_identification:_identify(/home/tim/code/ros/final_project_ws/src) by extension 'ignore'
[0.331s] Level 1:colcon.colcon_core.package_identification:_identify(/home/tim/code/ros/final_project_ws/src) by extension 'ignore_ament_install'
[0.331s] Level 1:colcon.colcon_core.package_identification:_identify(/home/tim/code/ros/final_project_ws/src) by extensions ['colcon_pkg']
[0.331s] Level 1:colcon.colcon_core.package_identification:_identify(/home/tim/code/ros/final_project_ws/src) by extension 'colcon_pkg'
[0.331s] Level 1:colcon.colcon_core.package_identification:_identify(/home/tim/code/ros/final_project_ws/src) by extensions ['colcon_meta']
[0.331s] Level 1:colcon.colcon_core.package_identification:_identify(/home/tim/code/ros/final_project_ws/src) by extension 'colcon_meta'
[0.331s] Level 1:colcon.colcon_core.package_identification:_identify(/home/tim/code/ros/final_project_ws/src) by extensions ['ros']
[0.331s] Level 1:colcon.colcon_core.package_identification:_identify(/home/tim/code/ros/final_project_ws/src) by extension 'ros'
[0.331s] Level 1:colcon.colcon_core.package_identification:_identify(/home/tim/code/ros/final_project_ws/src) by extensions ['cmake', 'python']
[0.331s] Level 1:colcon.colcon_core.package_identification:_identify(/home/tim/code/ros/final_project_ws/src) by extension 'cmake'
[0.331s] Level 1:colcon.colcon_core.package_identification:_identify(/home/tim/code/ros/final_project_ws/src) by extension 'python'
[0.331s] Level 1:colcon.colcon_core.package_identification:_identify(/home/tim/code/ros/final_project_ws/src) by extensions ['python_setup_py']
[0.332s] Level 1:colcon.colcon_core.package_identification:_identify(/home/tim/code/ros/final_project_ws/src) by extension 'python_setup_py'
[0.332s] Level 1:colcon.colcon_core.package_identification:_identify(/home/tim/code/ros/final_project_ws/src/final_poject_ws) by extensions ['ignore', 'ignore_ament_install']
[0.332s] Level 1:colcon.colcon_core.package_identification:_identify(/home/tim/code/ros/final_project_ws/src/final_poject_ws) by extension 'ignore'
[0.332s] Level 1:colcon.colcon_core.package_identification:_identify(/home/tim/code/ros/final_project_ws/src/final_poject_ws) by extension 'ignore_ament_install'
[0.332s] Level 1:colcon.colcon_core.package_identification:_identify(/home/tim/code/ros/final_project_ws/src/final_poject_ws) by extensions ['colcon_pkg']
[0.332s] Level 1:colcon.colcon_core.package_identification:_identify(/home/tim/code/ros/final_project_ws/src/final_poject_ws) by extension 'colcon_pkg'
[0.332s] Level 1:colcon.colcon_core.package_identification:_identify(/home/tim/code/ros/final_project_ws/src/final_poject_ws) by extensions ['colcon_meta']
[0.332s] Level 1:colcon.colcon_core.package_identification:_identify(/home/tim/code/ros/final_project_ws/src/final_poject_ws) by extension 'colcon_meta'
[0.332s] Level 1:colcon.colcon_core.package_identification:_identify(/home/tim/code/ros/final_project_ws/src/final_poject_ws) by extensions ['ros']
[0.332s] Level 1:colcon.colcon_core.package_identification:_identify(/home/tim/code/ros/final_project_ws/src/final_poject_ws) by extension 'ros'
[0.333s] Level 1:colcon.colcon_core.package_identification:_identify(/home/tim/code/ros/final_project_ws/src/final_poject_ws) by extensions ['cmake', 'python']
[0.333s] Level 1:colcon.colcon_core.package_identification:_identify(/home/tim/code/ros/final_project_ws/src/final_poject_ws) by extension 'cmake'
[0.333s] Level 1:colcon.colcon_core.package_identification:_identify(/home/tim/code/ros/final_project_ws/src/final_poject_ws) by extension 'python'
[0.333s] Level 1:colcon.colcon_core.package_identification:_identify(/home/tim/code/ros/final_project_ws/src/final_poject_ws) by extensions ['python_setup_py']
[0.333s] Level 1:colcon.colcon_core.package_identification:_identify(/home/tim/code/ros/final_project_ws/src/final_poject_ws) by extension 'python_setup_py'
[0.333s] Level 1:colcon.colcon_core.package_identification:_identify(/home/tim/code/ros/final_project_ws/src/final_poject_ws/config) by extensions ['ignore', 'ignore_ament_install']
[0.333s] Level 1:colcon.colcon_core.package_identification:_identify(/home/tim/code/ros/final_project_ws/src/final_poject_ws/config) by extension 'ignore'
[0.333s] Level 1:colcon.colcon_core.package_identification:_identify(/home/tim/code/ros/final_project_ws/src/final_poject_ws/config) by extension 'ignore_ament_install'
[0.333s] Level 1:colcon.colcon_core.package_identification:_identify(/home/tim/code/ros/final_project_ws/src/final_poject_ws/config) by extensions ['colcon_pkg']
[0.333s] Level 1:colcon.colcon_core.package_identification:_identify(/home/tim/code/ros/final_project_ws/src/final_poject_ws/config) by extension 'colcon_pkg'
[0.333s] Level 1:colcon.colcon_core.package_identification:_identify(/home/tim/code/ros/final_project_ws/src/final_poject_ws/config) by extensions ['colcon_meta']
[0.334s] Level 1:colcon.colcon_core.package_identification:_identify(/home/tim/code/ros/final_project_ws/src/final_poject_ws/config) by extension 'colcon_meta'
[0.334s] Level 1:colcon.colcon_core.package_identification:_identify(/home/tim/code/ros/final_project_ws/src/final_poject_ws/config) by extensions ['ros']
[0.334s] Level 1:colcon.colcon_core.package_identification:_identify(/home/tim/code/ros/final_project_ws/src/final_poject_ws/config) by extension 'ros'
[0.334s] Level 1:colcon.colcon_core.package_identification:_identify(/home/tim/code/ros/final_project_ws/src/final_poject_ws/config) by extensions ['cmake', 'python']
[0.334s] Level 1:colcon.colcon_core.package_identification:_identify(/home/tim/code/ros/final_project_ws/src/final_poject_ws/config) by extension 'cmake'
[0.334s] Level 1:colcon.colcon_core.package_identification:_identify(/home/tim/code/ros/final_project_ws/src/final_poject_ws/config) by extension 'python'
[0.334s] Level 1:colcon.colcon_core.package_identification:_identify(/home/tim/code/ros/final_project_ws/src/final_poject_ws/config) by extensions ['python_setup_py']
[0.334s] Level 1:colcon.colcon_core.package_identification:_identify(/home/tim/code/ros/final_project_ws/src/final_poject_ws/config) by extension 'python_setup_py'
[0.334s] Level 1:colcon.colcon_core.package_identification:_identify(/home/tim/code/ros/final_project_ws/src/turtlebot3_simulations) by extensions ['ignore', 'ignore_ament_install']
[0.334s] Level 1:colcon.colcon_core.package_identification:_identify(/home/tim/code/ros/final_project_ws/src/turtlebot3_simulations) by extension 'ignore'
[0.335s] Level 1:colcon.colcon_core.package_identification:_identify(/home/tim/code/ros/final_project_ws/src/turtlebot3_simulations) by extension 'ignore_ament_install'
[0.335s] Level 1:colcon.colcon_core.package_identification:_identify(/home/tim/code/ros/final_project_ws/src/turtlebot3_simulations) by extensions ['colcon_pkg']
[0.335s] Level 1:colcon.colcon_core.package_identification:_identify(/home/tim/code/ros/final_project_ws/src/turtlebot3_simulations) by extension 'colcon_pkg'
[0.335s] Level 1:colcon.colcon_core.package_identification:_identify(/home/tim/code/ros/final_project_ws/src/turtlebot3_simulations) by extensions ['colcon_meta']
[0.335s] Level 1:colcon.colcon_core.package_identification:_identify(/home/tim/code/ros/final_project_ws/src/turtlebot3_simulations) by extension 'colcon_meta'
[0.335s] Level 1:colcon.colcon_core.package_identification:_identify(/home/tim/code/ros/final_project_ws/src/turtlebot3_simulations) by extensions ['ros']
[0.335s] Level 1:colcon.colcon_core.package_identification:_identify(/home/tim/code/ros/final_project_ws/src/turtlebot3_simulations) by extension 'ros'
[0.335s] Level 1:colcon.colcon_core.package_identification:_identify(/home/tim/code/ros/final_project_ws/src/turtlebot3_simulations) by extensions ['cmake', 'python']
[0.335s] Level 1:colcon.colcon_core.package_identification:_identify(/home/tim/code/ros/final_project_ws/src/turtlebot3_simulations) by extension 'cmake'
[0.335s] Level 1:colcon.colcon_core.package_identification:_identify(/home/tim/code/ros/final_project_ws/src/turtlebot3_simulations) by extension 'python'
[0.335s] Level 1:colcon.colcon_core.package_identification:_identify(/home/tim/code/ros/final_project_ws/src/turtlebot3_simulations) by extensions ['python_setup_py']
[0.335s] Level 1:colcon.colcon_core.package_identification:_identify(/home/tim/code/ros/final_project_ws/src/turtlebot3_simulations) by extension 'python_setup_py'
[0.336s] Level 1:colcon.colcon_core.package_identification:_identify(/home/tim/code/ros/final_project_ws/src/turtlebot3_simulations/build) by extensions ['ignore', 'ignore_ament_install']
[0.336s] Level 1:colcon.colcon_core.package_identification:_identify(/home/tim/code/ros/final_project_ws/src/turtlebot3_simulations/build) by extension 'ignore'
[0.336s] Level 1:colcon.colcon_core.package_identification:_identify(/home/tim/code/ros/final_project_ws/src/turtlebot3_simulations/build) ignored
[0.336s] Level 1:colcon.colcon_core.package_identification:_identify(/home/tim/code/ros/final_project_ws/src/turtlebot3_simulations/install) by extensions ['ignore', 'ignore_ament_install']
[0.336s] Level 1:colcon.colcon_core.package_identification:_identify(/home/tim/code/ros/final_project_ws/src/turtlebot3_simulations/install) by extension 'ignore'
[0.336s] Level 1:colcon.colcon_core.package_identification:_identify(/home/tim/code/ros/final_project_ws/src/turtlebot3_simulations/install) ignored
[0.336s] Level 1:colcon.colcon_core.package_identification:_identify(/home/tim/code/ros/final_project_ws/src/turtlebot3_simulations/log) by extensions ['ignore', 'ignore_ament_install']
[0.337s] Level 1:colcon.colcon_core.package_identification:_identify(/home/tim/code/ros/final_project_ws/src/turtlebot3_simulations/log) by extension 'ignore'
[0.337s] Level 1:colcon.colcon_core.package_identification:_identify(/home/tim/code/ros/final_project_ws/src/turtlebot3_simulations/log) ignored
[0.337s] Level 1:colcon.colcon_core.package_identification:_identify(/home/tim/code/ros/final_project_ws/src/turtlebot3_simulations/turtlebot3_fake_node) by extensions ['ignore', 'ignore_ament_install']
[0.337s] Level 1:colcon.colcon_core.package_identification:_identify(/home/tim/code/ros/final_project_ws/src/turtlebot3_simulations/turtlebot3_fake_node) by extension 'ignore'
[0.337s] Level 1:colcon.colcon_core.package_identification:_identify(/home/tim/code/ros/final_project_ws/src/turtlebot3_simulations/turtlebot3_fake_node) by extension 'ignore_ament_install'
[0.337s] Level 1:colcon.colcon_core.package_identification:_identify(/home/tim/code/ros/final_project_ws/src/turtlebot3_simulations/turtlebot3_fake_node) by extensions ['colcon_pkg']
[0.337s] Level 1:colcon.colcon_core.package_identification:_identify(/home/tim/code/ros/final_project_ws/src/turtlebot3_simulations/turtlebot3_fake_node) by extension 'colcon_pkg'
[0.337s] Level 1:colcon.colcon_core.package_identification:_identify(/home/tim/code/ros/final_project_ws/src/turtlebot3_simulations/turtlebot3_fake_node) by extensions ['colcon_meta']
[0.337s] Level 1:colcon.colcon_core.package_identification:_identify(/home/tim/code/ros/final_project_ws/src/turtlebot3_simulations/turtlebot3_fake_node) by extension 'colcon_meta'
[0.337s] Level 1:colcon.colcon_core.package_identification:_identify(/home/tim/code/ros/final_project_ws/src/turtlebot3_simulations/turtlebot3_fake_node) by extensions ['ros']
[0.337s] Level 1:colcon.colcon_core.package_identification:_identify(/home/tim/code/ros/final_project_ws/src/turtlebot3_simulations/turtlebot3_fake_node) by extension 'ros'
[0.342s] DEBUG:colcon.colcon_core.package_identification:Package '/home/tim/code/ros/final_project_ws/src/turtlebot3_simulations/turtlebot3_fake_node' with type 'ros.ament_cmake' and name 'turtlebot3_fake_node'
[0.342s] Level 1:colcon.colcon_core.package_identification:_identify(/home/tim/code/ros/final_project_ws/src/turtlebot3_simulations/turtlebot3_gazebo) by extensions ['ignore', 'ignore_ament_install']
[0.343s] Level 1:colcon.colcon_core.package_identification:_identify(/home/tim/code/ros/final_project_ws/src/turtlebot3_simulations/turtlebot3_gazebo) by extension 'ignore'
[0.343s] Level 1:colcon.colcon_core.package_identification:_identify(/home/tim/code/ros/final_project_ws/src/turtlebot3_simulations/turtlebot3_gazebo) by extension 'ignore_ament_install'
[0.343s] Level 1:colcon.colcon_core.package_identification:_identify(/home/tim/code/ros/final_project_ws/src/turtlebot3_simulations/turtlebot3_gazebo) by extensions ['colcon_pkg']
[0.343s] Level 1:colcon.colcon_core.package_identification:_identify(/home/tim/code/ros/final_project_ws/src/turtlebot3_simulations/turtlebot3_gazebo) by extension 'colcon_pkg'
[0.343s] Level 1:colcon.colcon_core.package_identification:_identify(/home/tim/code/ros/final_project_ws/src/turtlebot3_simulations/turtlebot3_gazebo) by extensions ['colcon_meta']
[0.343s] Level 1:colcon.colcon_core.package_identification:_identify(/home/tim/code/ros/final_project_ws/src/turtlebot3_simulations/turtlebot3_gazebo) by extension 'colcon_meta'
[0.343s] Level 1:colcon.colcon_core.package_identification:_identify(/home/tim/code/ros/final_project_ws/src/turtlebot3_simulations/turtlebot3_gazebo) by extensions ['ros']
[0.343s] Level 1:colcon.colcon_core.package_identification:_identify(/home/tim/code/ros/final_project_ws/src/turtlebot3_simulations/turtlebot3_gazebo) by extension 'ros'
[0.345s] DEBUG:colcon.colcon_core.package_identification:Package '/home/tim/code/ros/final_project_ws/src/turtlebot3_simulations/turtlebot3_gazebo' with type 'ros.ament_cmake' and name 'turtlebot3_gazebo'
[0.345s] Level 1:colcon.colcon_core.package_identification:_identify(/home/tim/code/ros/final_project_ws/src/turtlebot3_simulations/turtlebot3_simulations) by extensions ['ignore', 'ignore_ament_install']
[0.346s] Level 1:colcon.colcon_core.package_identification:_identify(/home/tim/code/ros/final_project_ws/src/turtlebot3_simulations/turtlebot3_simulations) by extension 'ignore'
[0.346s] Level 1:colcon.colcon_core.package_identification:_identify(/home/tim/code/ros/final_project_ws/src/turtlebot3_simulations/turtlebot3_simulations) by extension 'ignore_ament_install'
[0.346s] Level 1:colcon.colcon_core.package_identification:_identify(/home/tim/code/ros/final_project_ws/src/turtlebot3_simulations/turtlebot3_simulations) by extensions ['colcon_pkg']
[0.346s] Level 1:colcon.colcon_core.package_identification:_identify(/home/tim/code/ros/final_project_ws/src/turtlebot3_simulations/turtlebot3_simulations) by extension 'colcon_pkg'
[0.346s] Level 1:colcon.colcon_core.package_identification:_identify(/home/tim/code/ros/final_project_ws/src/turtlebot3_simulations/turtlebot3_simulations) by extensions ['colcon_meta']
[0.346s] Level 1:colcon.colcon_core.package_identification:_identify(/home/tim/code/ros/final_project_ws/src/turtlebot3_simulations/turtlebot3_simulations) by extension 'colcon_meta'
[0.346s] Level 1:colcon.colcon_core.package_identification:_identify(/home/tim/code/ros/final_project_ws/src/turtlebot3_simulations/turtlebot3_simulations) by extensions ['ros']
[0.346s] Level 1:colcon.colcon_core.package_identification:_identify(/home/tim/code/ros/final_project_ws/src/turtlebot3_simulations/turtlebot3_simulations) by extension 'ros'
[0.347s] DEBUG:colcon.colcon_core.package_identification:Package '/home/tim/code/ros/final_project_ws/src/turtlebot3_simulations/turtlebot3_simulations' with type 'ros.ament_cmake' and name 'turtlebot3_simulations'
[0.347s] Level 1:colcon.colcon_core.package_discovery:discover_packages(recursive) using defaults
